[debug] [2022-06-03T18:41:50.028Z] ----------------------------------------------------------------------
[debug] [2022-06-03T18:41:50.030Z] Command:       C:\Program Files\nodejs\node.exe C:\Users\luiss\AppData\Roaming\npm\node_modules\firebase-tools\lib\bin\firebase.js init
[debug] [2022-06-03T18:41:50.031Z] CLI Version:   11.0.1
[debug] [2022-06-03T18:41:50.031Z] Platform:      win32
[debug] [2022-06-03T18:41:50.031Z] Node Version:  v18.1.0
[debug] [2022-06-03T18:41:50.032Z] Time:          Fri Jun 03 2022 12:41:50 GMT-0600 (hora estándar central)
[debug] [2022-06-03T18:41:50.032Z] ----------------------------------------------------------------------
[debug] 
[debug] [2022-06-03T18:41:50.102Z] > command requires scopes: ["email","openid","https://www.googleapis.com/auth/cloudplatformprojects.readonly","https://www.googleapis.com/auth/firebase","https://www.googleapis.com/auth/cloud-platform"]
[debug] [2022-06-03T18:41:50.102Z] > authorizing via signed-in user (neyam3967@gmail.com)
[info] 
     ######## #### ########  ######## ########     ###     ######  ########
     ##        ##  ##     ## ##       ##     ##  ##   ##  ##       ##
     ######    ##  ########  ######   ########  #########  ######  ######
     ##        ##  ##    ##  ##       ##     ## ##     ##       ## ##
     ##       #### ##     ## ######## ########  ##     ##  ######  ########

You're about to initialize a Firebase project in this directory:

  C:\Users\luiss\OneDrive\Escritorio\PruebaDiario\frontend

Before we get started, keep in mind:

  * You are initializing within an existing Firebase project directory

